<?xml version="1.0" encoding="UTF-8"?>
<!-- Generated by org.testng.reporters.JUnitReportReporter -->
<testsuite skipped="1" hostname="DESKTOP-LI92H1E" name="com.testng.newt" tests="1" failures="0" timestamp="2021-10-19T23:56:30 IST" time="0.000" errors="0">
  <testcase name="login" time="0.000" classname="com.testng.newt">
    <skipped/>
  </testcase> <!-- login -->
  <system-out/>
</testsuite> <!-- com.testng.newt -->
